/app/infrastructure/helm-tiller/pwnchart/Chart.yaml:1:1: [warning] missing document start "---" (document-start)
/app/infrastructure/helm-tiller/pwnchart/values.yaml:4:1: [warning] missing document start "---" (document-start)
/app/infrastructure/helm-tiller/pwnchart/templates/clusterrole.yaml:1:1: [warning] missing document start "---" (document-start)
/app/infrastructure/helm-tiller/pwnchart/templates/clusterrolebinding.yaml:1:1: [warning] missing document start "---" (document-start)
/app/infrastructure/helm-tiller/pwnchart/templates/clusterrolebinding.yaml:11:18: [error] too many spaces inside braces (braces)
/app/infrastructure/helm-tiller/pwnchart/templates/clusterrolebinding.yaml:11:36: [error] too many spaces inside braces (braces)
/app/infrastructure/helm-tiller/pwnchart/templates/clusterrolebinding.yaml:12:13: [error] too many spaces inside braces (braces)
/app/infrastructure/helm-tiller/pwnchart/templates/clusterrolebinding.yaml:12:26: [error] too many spaces inside braces (braces)
/app/scenarios/batch-check/job.yaml:1:1: [warning] missing document start "---" (document-start)
/app/scenarios/batch-check/job.yaml:11:7: [error] wrong indentation: expected 8 but found 6 (indentation)
/app/scenarios/batch-check/job.yaml:18:7: [error] no new line character at the end of file (new-line-at-end-of-file)
/app/scenarios/batch-check/job.yaml:18:1: [error] trailing spaces (trailing-spaces)
/app/scenarios/build-code/deployment.yaml:1:1: [warning] missing document start "---" (document-start)
/app/scenarios/build-code/deployment.yaml:15:7: [error] wrong indentation: expected 8 but found 6 (indentation)
/app/scenarios/build-code/deployment.yaml:22:9: [error] wrong indentation: expected 10 but found 8 (indentation)
/app/scenarios/build-code/deployment.yaml:30:3: [error] wrong indentation: expected 4 but found 2 (indentation)
/app/scenarios/cache-store/deployment.yaml:1:1: [warning] missing document start "---" (document-start)
/app/scenarios/cache-store/deployment.yaml:13:3: [error] wrong indentation: expected 4 but found 2 (indentation)
/app/scenarios/cache-store/deployment.yaml:36:7: [error] wrong indentation: expected 8 but found 6 (indentation)
/app/scenarios/cache-store/deployment.yaml:39:9: [error] wrong indentation: expected 10 but found 8 (indentation)
/app/scenarios/docker-bench-security/deployment.yaml:12:1: [warning] missing document start "---" (document-start)
/app/scenarios/docker-bench-security/deployment.yaml:82:15: [error] wrong indentation: expected 12 but found 14 (indentation)
/app/scenarios/docker-bench-security/deployment.yaml:85:15: [error] wrong indentation: expected 12 but found 14 (indentation)
/app/scenarios/docker-bench-security/deployment.yaml:88:15: [error] wrong indentation: expected 12 but found 14 (indentation)
/app/scenarios/health-check/deployment.yaml:1:1: [warning] missing document start "---" (document-start)
/app/scenarios/health-check/deployment.yaml:15:7: [error] wrong indentation: expected 8 but found 6 (indentation)
/app/scenarios/health-check/deployment.yaml:22:9: [error] wrong indentation: expected 10 but found 8 (indentation)
/app/scenarios/health-check/deployment.yaml:23:7: [warning] comment not indented like content (comments-indentation)
/app/scenarios/health-check/deployment.yaml:41:3: [error] wrong indentation: expected 4 but found 2 (indentation)
/app/scenarios/helm2-rbac/setup.yaml:1:1: [warning] missing document start "---" (document-start)
/app/scenarios/hunger-check/deployment.yaml:1:1: [warning] missing document start "---" (document-start)
/app/scenarios/hunger-check/deployment.yaml:15:7: [error] wrong indentation: expected 8 but found 6 (indentation)
/app/scenarios/hunger-check/deployment.yaml:25:9: [error] wrong indentation: expected 10 but found 8 (indentation)
/app/scenarios/hunger-check/deployment.yaml:33:3: [error] wrong indentation: expected 4 but found 2 (indentation)
/app/scenarios/internal-proxy/deployment.yaml:1:1: [warning] missing document start "---" (document-start)
/app/scenarios/internal-proxy/deployment.yaml:17:7: [error] wrong indentation: expected 8 but found 6 (indentation)
/app/scenarios/internal-proxy/deployment.yaml:27:9: [error] wrong indentation: expected 10 but found 8 (indentation)
/app/scenarios/internal-proxy/deployment.yaml:38:9: [error] wrong indentation: expected 10 but found 8 (indentation)
/app/scenarios/internal-proxy/deployment.yaml:38:30: [error] trailing spaces (trailing-spaces)
/app/scenarios/internal-proxy/deployment.yaml:46:3: [error] wrong indentation: expected 4 but found 2 (indentation)
/app/scenarios/internal-proxy/deployment.yaml:59:3: [error] wrong indentation: expected 4 but found 2 (indentation)
/app/scenarios/kube-bench-security/master-job.yaml:27:81: [error] line too long (129 > 80 characters) (line-length)
/app/scenarios/kube-bench-security/master-job.yaml:28:81: [error] line too long (88 > 80 characters) (line-length)
/app/scenarios/kube-bench-security/node-job.yaml:13:81: [error] line too long (114 > 80 characters) (line-length)
/app/scenarios/kube-bench-security/node-job.yaml:25:81: [error] line too long (129 > 80 characters) (line-length)
/app/scenarios/kube-bench-security/node-job.yaml:26:81: [error] line too long (88 > 80 characters) (line-length)
/app/scenarios/kubernetes-goat-home/deployment.yaml:1:1: [warning] missing document start "---" (document-start)
/app/scenarios/kubernetes-goat-home/deployment.yaml:15:7: [error] wrong indentation: expected 8 but found 6 (indentation)
/app/scenarios/kubernetes-goat-home/deployment.yaml:22:9: [error] wrong indentation: expected 10 but found 8 (indentation)
/app/scenarios/kubernetes-goat-home/deployment.yaml:30:3: [error] wrong indentation: expected 4 but found 2 (indentation)
/app/scenarios/metadata-db/Chart.yaml:1:1: [warning] missing document start "---" (document-start)
/app/scenarios/metadata-db/values.yaml:5:1: [warning] missing document start "---" (document-start)
/app/scenarios/metadata-db/values.yaml:22:5: [warning] comment not indented like content (comments-indentation)
/app/scenarios/metadata-db/values.yaml:33:81: [error] line too long (90 > 80 characters) (line-length)
/app/scenarios/metadata-db/values.yaml:34:81: [error] line too long (91 > 80 characters) (line-length)
/app/scenarios/metadata-db/values.yaml:35:81: [error] line too long (93 > 80 characters) (line-length)
/app/scenarios/metadata-db/values.yaml:36:81: [error] line too long (84 > 80 characters) (line-length)
/app/scenarios/metadata-db/templates/deployment.yaml:1:1: [warning] missing document start "---" (document-start)
/app/scenarios/metadata-db/templates/deployment.yaml:4:11: [error] too many spaces inside braces (braces)
/app/scenarios/metadata-db/templates/deployment.yaml:4:44: [error] too many spaces inside braces (braces)
/app/scenarios/metadata-db/templates/deployment.yaml:6:31: [error] too many spaces inside braces (braces)
/app/scenarios/metadata-db/templates/deployment.yaml:6:60: [error] too many spaces inside braces (braces)
/app/scenarios/metadata-db/templates/deployment.yaml:7:22: [error] too many spaces inside braces (braces)
/app/scenarios/metadata-db/templates/deployment.yaml:7:52: [error] too many spaces inside braces (braces)
/app/scenarios/metadata-db/templates/deployment.yaml:8:35: [error] too many spaces inside braces (braces)
/app/scenarios/metadata-db/templates/deployment.yaml:8:49: [error] too many spaces inside braces (braces)
/app/scenarios/metadata-db/templates/deployment.yaml:9:37: [error] too many spaces inside braces (braces)
/app/scenarios/metadata-db/templates/deployment.yaml:9:54: [error] too many spaces inside braces (braces)
/app/scenarios/metadata-db/templates/deployment.yaml:11:15: [error] too many spaces inside braces (braces)
/app/scenarios/metadata-db/templates/deployment.yaml:11:36: [error] too many spaces inside braces (braces)
/app/scenarios/metadata-db/templates/deployment.yaml:14:33: [error] too many spaces inside braces (braces)
/app/scenarios/metadata-db/templates/deployment.yaml:14:62: [error] too many spaces inside braces (braces)
/app/scenarios/metadata-db/templates/deployment.yaml:15:37: [error] too many spaces inside braces (braces)
/app/scenarios/metadata-db/templates/deployment.yaml:15:51: [error] too many spaces inside braces (braces)
/app/scenarios/metadata-db/templates/deployment.yaml:19:35: [error] too many spaces inside braces (braces)
/app/scenarios/metadata-db/templates/deployment.yaml:19:64: [error] too many spaces inside braces (braces)
/app/scenarios/metadata-db/templates/deployment.yaml:20:39: [error] too many spaces inside braces (braces)
/app/scenarios/metadata-db/templates/deployment.yaml:20:53: [error] too many spaces inside braces (braces)
/app/scenarios/metadata-db/templates/deployment.yaml:23:19: [error] too many spaces inside braces (braces)
/app/scenarios/metadata-db/templates/deployment.yaml:23:31: [error] too many spaces inside braces (braces)
/app/scenarios/metadata-db/templates/deployment.yaml:25:30: [error] too many spaces inside braces (braces)
/app/scenarios/metadata-db/templates/deployment.yaml:25:55: [error] too many spaces inside braces (braces)
/app/scenarios/metadata-db/templates/deployment.yaml:41:15: [error] syntax error: expected the node content, but found '-' (syntax)
/app/scenarios/metadata-db/templates/deployment.yaml:41:54: [error] too many spaces inside braces (braces)
/app/scenarios/metadata-db/templates/ingress.yaml:1:1: [warning] missing document start "---" (document-start)
/app/scenarios/metadata-db/templates/ingress.yaml:1:3: [error] syntax error: expected the node content, but found '-' (syntax)
/app/scenarios/metadata-db/templates/ingress.yaml:7:11: [error] too many spaces inside braces (braces)
/app/scenarios/metadata-db/templates/ingress.yaml:7:21: [error] too many spaces inside braces (braces)
/app/scenarios/metadata-db/templates/ingress.yaml:9:31: [error] too many spaces inside braces (braces)
/app/scenarios/metadata-db/templates/ingress.yaml:9:60: [error] too many spaces inside braces (braces)
/app/scenarios/metadata-db/templates/ingress.yaml:10:22: [error] too many spaces inside braces (braces)
/app/scenarios/metadata-db/templates/ingress.yaml:10:52: [error] too many spaces inside braces (braces)
/app/scenarios/metadata-db/templates/ingress.yaml:11:35: [error] too many spaces inside braces (braces)
/app/scenarios/metadata-db/templates/ingress.yaml:11:49: [error] too many spaces inside braces (braces)
/app/scenarios/metadata-db/templates/ingress.yaml:12:37: [error] too many spaces inside braces (braces)
/app/scenarios/metadata-db/templates/ingress.yaml:12:54: [error] too many spaces inside braces (braces)
/app/scenarios/metadata-db/templates/service.yaml:1:1: [warning] missing document start "---" (document-start)
/app/scenarios/metadata-db/templates/service.yaml:4:11: [error] too many spaces inside braces (braces)
/app/scenarios/metadata-db/templates/service.yaml:4:44: [error] too many spaces inside braces (braces)
/app/scenarios/metadata-db/templates/service.yaml:6:31: [error] too many spaces inside braces (braces)
/app/scenarios/metadata-db/templates/service.yaml:6:60: [error] too many spaces inside braces (braces)
/app/scenarios/metadata-db/templates/service.yaml:7:22: [error] too many spaces inside braces (braces)
/app/scenarios/metadata-db/templates/service.yaml:7:52: [error] too many spaces inside braces (braces)
/app/scenarios/metadata-db/templates/service.yaml:8:35: [error] too many spaces inside braces (braces)
/app/scenarios/metadata-db/templates/service.yaml:8:49: [error] too many spaces inside braces (braces)
/app/scenarios/metadata-db/templates/service.yaml:9:37: [error] too many spaces inside braces (braces)
/app/scenarios/metadata-db/templates/service.yaml:9:54: [error] too many spaces inside braces (braces)
/app/scenarios/metadata-db/templates/service.yaml:11:11: [error] too many spaces inside braces (braces)
/app/scenarios/metadata-db/templates/service.yaml:11:32: [error] too many spaces inside braces (braces)
/app/scenarios/metadata-db/templates/service.yaml:13:15: [error] too many spaces inside braces (braces)
/app/scenarios/metadata-db/templates/service.yaml:13:36: [error] too many spaces inside braces (braces)
/app/scenarios/metadata-db/templates/service.yaml:18:31: [error] too many spaces inside braces (braces)
/app/scenarios/metadata-db/templates/service.yaml:18:60: [error] too many spaces inside braces (braces)
/app/scenarios/metadata-db/templates/service.yaml:19:35: [error] too many spaces inside braces (braces)
/app/scenarios/metadata-db/templates/service.yaml:19:49: [error] too many spaces inside braces (braces)
/app/scenarios/poor-registry/deployment.yaml:1:1: [warning] missing document start "---" (document-start)
/app/scenarios/poor-registry/deployment.yaml:15:7: [error] wrong indentation: expected 8 but found 6 (indentation)
/app/scenarios/poor-registry/deployment.yaml:22:9: [error] wrong indentation: expected 10 but found 8 (indentation)
/app/scenarios/poor-registry/deployment.yaml:30:3: [error] wrong indentation: expected 4 but found 2 (indentation)
/app/scenarios/system-monitor/deployment.yaml:1:1: [warning] missing document start "---" (document-start)
/app/scenarios/system-monitor/deployment.yaml:27:7: [error] wrong indentation: expected 8 but found 6 (indentation)
/app/scenarios/system-monitor/deployment.yaml:31:7: [error] wrong indentation: expected 8 but found 6 (indentation)
/app/scenarios/system-monitor/deployment.yaml:41:9: [error] wrong indentation: expected 10 but found 8 (indentation)
/app/scenarios/system-monitor/deployment.yaml:43:9: [error] wrong indentation: expected 10 but found 8 (indentation)
/app/scenarios/system-monitor/deployment.yaml:58:3: [error] wrong indentation: expected 4 but found 2 (indentation)
